[0.127s] DEBUG:colcon:Command line arguments: ['/usr/bin/colcon', 'list', '-p', '--base-paths', '/home/brinex/irc_ws/src', '--log-base', '/dev/null']
[0.128s] DEBUG:colcon:Parsed command line arguments: Namespace(log_base=None, log_level=None, verb_name='list', build_base='build', ignore_user_meta=False, metas=['./colcon.meta'], base_paths=['/home/brinex/irc_ws/src', '--log-base', '/dev/null'], packages_ignore=None, packages_ignore_regex=None, paths=None, packages_up_to=None, packages_up_to_regex=None, packages_above=None, packages_above_and_dependencies=None, packages_above_depth=None, packages_select_by_dep=None, packages_skip_by_dep=None, packages_skip_up_to=None, packages_select_build_failed=False, packages_skip_build_finished=False, packages_select_test_failures=False, packages_skip_test_passed=False, packages_select=None, packages_skip=None, packages_select_regex=None, packages_skip_regex=None, packages_start=None, packages_end=None, allow_overriding=[], topological_order=False, names_only=False, paths_only=True, topological_graph=False, topological_graph_dot=False, topological_graph_density=False, topological_graph_legend=False, topological_graph_dot_cluster=False, topological_graph_dot_include_skipped=False, mixin_files=None, mixin=None, verb_parser=<colcon_mixin.mixin.mixin_argument.MixinArgumentDecorator object at 0x7b8bf28ab800>, verb_extension=<colcon_package_information.verb.list.ListVerb object at 0x7b8bf28aaf60>, main=<bound method ListVerb.main of <colcon_package_information.verb.list.ListVerb object at 0x7b8bf28aaf60>>, mixin_verb=('list',))
[0.170s] Level 1:colcon.colcon_core.package_discovery:discover_packages(colcon_meta) check parameters
[0.170s] Level 1:colcon.colcon_core.package_discovery:discover_packages(recursive) check parameters
[0.170s] Level 1:colcon.colcon_core.package_discovery:discover_packages(ignore) check parameters
[0.170s] Level 1:colcon.colcon_core.package_discovery:discover_packages(path) check parameters
[0.170s] Level 1:colcon.colcon_core.package_discovery:discover_packages(recursive) discover
[0.170s] INFO:colcon.colcon_core.package_discovery:Crawling recursively for packages in '/home/brinex/irc_ws/src', '/home/brinex/irc_ws/src/--log-base', '/dev/null'
[0.170s] Level 1:colcon.colcon_core.package_identification:_identify(/home/brinex/irc_ws/src) by extensions ['ignore', 'ignore_ament_install']
[0.170s] Level 1:colcon.colcon_core.package_identification:_identify(/home/brinex/irc_ws/src) by extension 'ignore'
[0.171s] Level 1:colcon.colcon_core.package_identification:_identify(/home/brinex/irc_ws/src) by extension 'ignore_ament_install'
[0.171s] Level 1:colcon.colcon_core.package_identification:_identify(/home/brinex/irc_ws/src) by extensions ['colcon_pkg']
[0.171s] Level 1:colcon.colcon_core.package_identification:_identify(/home/brinex/irc_ws/src) by extension 'colcon_pkg'
[0.171s] Level 1:colcon.colcon_core.package_identification:_identify(/home/brinex/irc_ws/src) by extensions ['colcon_meta']
[0.171s] Level 1:colcon.colcon_core.package_identification:_identify(/home/brinex/irc_ws/src) by extension 'colcon_meta'
[0.171s] Level 1:colcon.colcon_core.package_identification:_identify(/home/brinex/irc_ws/src) by extensions ['ros']
[0.171s] Level 1:colcon.colcon_core.package_identification:_identify(/home/brinex/irc_ws/src) by extension 'ros'
[0.196s] Level 1:colcon.colcon_core.package_identification:_identify(/home/brinex/irc_ws/src) by extensions ['cmake', 'python']
[0.197s] Level 1:colcon.colcon_core.package_identification:_identify(/home/brinex/irc_ws/src) by extension 'cmake'
[0.197s] Level 1:colcon.colcon_core.package_identification:_identify(/home/brinex/irc_ws/src) by extension 'python'
[0.197s] Level 1:colcon.colcon_core.package_identification:_identify(/home/brinex/irc_ws/src) by extensions ['python_setup_py']
[0.197s] Level 1:colcon.colcon_core.package_identification:_identify(/home/brinex/irc_ws/src) by extension 'python_setup_py'
[0.197s] Level 1:colcon.colcon_core.package_identification:_identify(/home/brinex/irc_ws/src/irc_interfaces) by extensions ['ignore', 'ignore_ament_install']
[0.197s] Level 1:colcon.colcon_core.package_identification:_identify(/home/brinex/irc_ws/src/irc_interfaces) by extension 'ignore'
[0.197s] Level 1:colcon.colcon_core.package_identification:_identify(/home/brinex/irc_ws/src/irc_interfaces) by extension 'ignore_ament_install'
[0.197s] Level 1:colcon.colcon_core.package_identification:_identify(/home/brinex/irc_ws/src/irc_interfaces) by extensions ['colcon_pkg']
[0.197s] Level 1:colcon.colcon_core.package_identification:_identify(/home/brinex/irc_ws/src/irc_interfaces) by extension 'colcon_pkg'
[0.197s] Level 1:colcon.colcon_core.package_identification:_identify(/home/brinex/irc_ws/src/irc_interfaces) by extensions ['colcon_meta']
[0.197s] Level 1:colcon.colcon_core.package_identification:_identify(/home/brinex/irc_ws/src/irc_interfaces) by extension 'colcon_meta'
[0.197s] Level 1:colcon.colcon_core.package_identification:_identify(/home/brinex/irc_ws/src/irc_interfaces) by extensions ['ros']
[0.197s] Level 1:colcon.colcon_core.package_identification:_identify(/home/brinex/irc_ws/src/irc_interfaces) by extension 'ros'
[0.200s] DEBUG:colcon.colcon_core.package_identification:Package '/home/brinex/irc_ws/src/irc_interfaces' with type 'ros.ament_cmake' and name 'irc_interfaces'
[0.200s] Level 1:colcon.colcon_core.package_identification:_identify(/home/brinex/irc_ws/src/irc_py) by extensions ['ignore', 'ignore_ament_install']
[0.200s] Level 1:colcon.colcon_core.package_identification:_identify(/home/brinex/irc_ws/src/irc_py) by extension 'ignore'
[0.200s] Level 1:colcon.colcon_core.package_identification:_identify(/home/brinex/irc_ws/src/irc_py) by extension 'ignore_ament_install'
[0.201s] Level 1:colcon.colcon_core.package_identification:_identify(/home/brinex/irc_ws/src/irc_py) by extensions ['colcon_pkg']
[0.201s] Level 1:colcon.colcon_core.package_identification:_identify(/home/brinex/irc_ws/src/irc_py) by extension 'colcon_pkg'
[0.201s] Level 1:colcon.colcon_core.package_identification:_identify(/home/brinex/irc_ws/src/irc_py) by extensions ['colcon_meta']
[0.201s] Level 1:colcon.colcon_core.package_identification:_identify(/home/brinex/irc_ws/src/irc_py) by extension 'colcon_meta'
[0.201s] Level 1:colcon.colcon_core.package_identification:_identify(/home/brinex/irc_ws/src/irc_py) by extensions ['ros']
[0.201s] Level 1:colcon.colcon_core.package_identification:_identify(/home/brinex/irc_ws/src/irc_py) by extension 'ros'
[0.201s] DEBUG:colcon.colcon_core.package_identification:Package '/home/brinex/irc_ws/src/irc_py' with type 'ros.ament_python' and name 'irc_py'
[0.201s] Level 1:colcon.colcon_core.package_identification:_identify(/home/brinex/irc_ws/src/log) by extensions ['ignore', 'ignore_ament_install']
[0.202s] Level 1:colcon.colcon_core.package_identification:_identify(/home/brinex/irc_ws/src/log) by extension 'ignore'
[0.202s] Level 1:colcon.colcon_core.package_identification:_identify(/home/brinex/irc_ws/src/log) ignored
[0.202s] Level 1:colcon.colcon_core.package_discovery:discover_packages(recursive) using defaults
